0 info it worked if it ends with ok
1 verbose cli [ 'C:\\Program Files\\nodejs\\node.exe',
1 verbose cli   'C:\\Program Files\\nodejs\\node_modules\\npm\\bin\\npm-cli.js',
1 verbose cli   'start',
1 verbose cli   '3000' ]
2 info using npm@3.10.10
3 info using node@v7.2.1
4 verbose run-script [ 'prestart', 'start', 'poststart' ]
5 info lifecycle wargen@0.0.1~prestart: wargen@0.0.1
6 silly lifecycle wargen@0.0.1~prestart: no script for prestart, continuing
7 info lifecycle wargen@0.0.1~start: wargen@0.0.1
8 verbose lifecycle wargen@0.0.1~start: unsafe-perm in lifecycle true
9 verbose lifecycle wargen@0.0.1~start: PATH: C:\Program Files\nodejs\node_modules\npm\bin\node-gyp-bin;c:\wargen-react\node_modules\.bin;C:\ProgramData\Oracle\Java\javapath;C:\Windows\system32;C:\Windows;C:\Windows\System32\Wbem;C:\Windows\System32\WindowsPowerShell\v1.0\;C:\ProgramData\chocolatey\bin;C:\Program Files\nodejs\;C:\Program Files\Git\cmd;C:\Users\victorcavichiolli\AppData\Local\Microsoft\WindowsApps;C:\Users\victorcavichiolli\AppData\Roaming\npm;C:\Program Files (x86)\Microsoft VS Code\bin
10 verbose lifecycle wargen@0.0.1~start: CWD: c:\wargen-react
11 silly lifecycle wargen@0.0.1~start: Args: [ '/d /s /c',
11 silly lifecycle   'set NODE_ENV=development&& nodemon ./bin/www "3000"' ]
12 silly lifecycle wargen@0.0.1~start: Returned: code: 1  signal: null
13 info lifecycle wargen@0.0.1~start: Failed to exec start script
14 verbose stack Error: wargen@0.0.1 start: `set NODE_ENV=development&& nodemon ./bin/www "3000"`
14 verbose stack Exit status 1
14 verbose stack     at EventEmitter.<anonymous> (C:\Program Files\nodejs\node_modules\npm\lib\utils\lifecycle.js:255:16)
14 verbose stack     at emitTwo (events.js:106:13)
14 verbose stack     at EventEmitter.emit (events.js:191:7)
14 verbose stack     at ChildProcess.<anonymous> (C:\Program Files\nodejs\node_modules\npm\lib\utils\spawn.js:40:14)
14 verbose stack     at emitTwo (events.js:106:13)
14 verbose stack     at ChildProcess.emit (events.js:191:7)
14 verbose stack     at maybeClose (internal/child_process.js:885:16)
14 verbose stack     at Process.ChildProcess._handle.onexit (internal/child_process.js:226:5)
15 verbose pkgid wargen@0.0.1
16 verbose cwd c:\wargen-react
17 error Windows_NT 10.0.14393
18 error argv "C:\\Program Files\\nodejs\\node.exe" "C:\\Program Files\\nodejs\\node_modules\\npm\\bin\\npm-cli.js" "start" "3000"
19 error node v7.2.1
20 error npm  v3.10.10
21 error code ELIFECYCLE
22 error wargen@0.0.1 start: `set NODE_ENV=development&& nodemon ./bin/www "3000"`
22 error Exit status 1
23 error Failed at the wargen@0.0.1 start script 'set NODE_ENV=development&& nodemon ./bin/www "3000"'.
23 error Make sure you have the latest version of node.js and npm installed.
23 error If you do, this is most likely a problem with the wargen package,
23 error not with npm itself.
23 error Tell the author that this fails on your system:
23 error     set NODE_ENV=development&& nodemon ./bin/www "3000"
23 error You can get information on how to open an issue for this project with:
23 error     npm bugs wargen
23 error Or if that isn't available, you can get their info via:
23 error     npm owner ls wargen
23 error There is likely additional logging output above.
24 verbose exit [ 1, true ]
